[debug] [2024-09-19T12:48:48.535Z] ----------------------------------------------------------------------
[debug] [2024-09-19T12:48:48.537Z] Command:       /Users/alexmbolonzi/.nvm/versions/node/v18.18.2/bin/node /Users/alexmbolonzi/.nvm/versions/node/v18.18.2/bin/firebase init
[debug] [2024-09-19T12:48:48.537Z] CLI Version:   13.13.3
[debug] [2024-09-19T12:48:48.538Z] Platform:      darwin
[debug] [2024-09-19T12:48:48.538Z] Node Version:  v18.18.2
[debug] [2024-09-19T12:48:48.616Z] Time:          Thu Sep 19 2024 15:48:48 GMT+0300 (East Africa Time)
[debug] [2024-09-19T12:48:48.617Z] ----------------------------------------------------------------------
[debug] 
[debug] [2024-09-19T12:48:48.712Z] > command requires scopes: ["email","openid","https://www.googleapis.com/auth/cloudplatformprojects.readonly","https://www.googleapis.com/auth/firebase","https://www.googleapis.com/auth/cloud-platform"]
[debug] [2024-09-19T12:48:48.713Z] > authorizing via signed-in user (alex@vuna.io)
[info] 
     ######## #### ########  ######## ########     ###     ######  ########
     ##        ##  ##     ## ##       ##     ##  ##   ##  ##       ##
     ######    ##  ########  ######   ########  #########  ######  ######
     ##        ##  ##    ##  ##       ##     ## ##     ##       ## ##
     ##       #### ##     ## ######## ########  ##     ##  ######  ########

You're about to initialize a Firebase project in this directory:

  /Users/alexmbolonzi/ekesha-workspace/web-app

Before we get started, keep in mind:

  * You are initializing within an existing Firebase project directory

[info] 
=== Project Setup
[info] 
[info] First, let's associate this project directory with a Firebase project.
[info] You can create multiple project aliases by running firebase use --add, 
[info] but for now we'll just set up a default project.
[info] 
[debug] [2024-09-19T12:48:54.956Z] Using project from CLI flag: money-market-fund-17dcc
[debug] [2024-09-19T12:48:54.958Z] >>> [apiv2][query] GET https://firebase.googleapis.com/v1beta1/projects/money-market-fund-17dcc [none]
[debug] [2024-09-19T12:48:55.695Z] <<< [apiv2][status] GET https://firebase.googleapis.com/v1beta1/projects/money-market-fund-17dcc 403
[debug] [2024-09-19T12:48:55.696Z] <<< [apiv2][body] GET https://firebase.googleapis.com/v1beta1/projects/money-market-fund-17dcc {"error":{"code":403,"message":"The caller does not have permission","status":"PERMISSION_DENIED"}}
[debug] [2024-09-19T12:48:55.696Z] HTTP Error: 403, The caller does not have permission
[debug] [2024-09-19T12:48:56.092Z] FirebaseError: HTTP Error: 403, The caller does not have permission
    at responseToError (/Users/alexmbolonzi/.nvm/versions/node/v18.18.2/lib/node_modules/firebase-tools/lib/responseToError.js:49:12)
    at RetryOperation._fn (/Users/alexmbolonzi/.nvm/versions/node/v18.18.2/lib/node_modules/firebase-tools/lib/apiv2.js:305:77)
    at process.processTicksAndRejections (node:internal/process/task_queues:95:5)
[error] 
[error] Error: Failed to get Firebase project money-market-fund-17dcc. Please make sure the project exists and your account has permission to access it.
